[1216/163405.323:ERROR:directory_reader_win.cc(43)] FindFirstFile: The system cannot find the path specified. (0x3)
[1220/123940.756:ERROR:directory_reader_win.cc(43)] FindFirstFile: The system cannot find the path specified. (0x3)
[1222/122941.077:ERROR:directory_reader_win.cc(43)] FindFirstFile: The system cannot find the path specified. (0x3)
[1223/142220.660:ERROR:directory_reader_win.cc(43)] FindFirstFile: The system cannot find the path specified. (0x3)
[1226/142644.766:ERROR:process_memory_win.cc(73)] ReadMemory at 0x186d1d421b0 of 72 bytes failed: Only part of a ReadProcessMemory or WriteProcessMemory request was completed. (0x12B)
[1226/142644.766:WARNING:pe_image_annotations_reader.cc(135)] could not read annotations list object in C:\Program Files (x86)\Google\Chrome\Application\87.0.4280.88\chrome_elf.dll
[1226/142644.767:ERROR:process_memory_win.cc(73)] ReadMemory at 0x186d1d84ac0 of 72 bytes failed: Only part of a ReadProcessMemory or WriteProcessMemory request was completed. (0x12B)
[1226/142644.767:WARNING:pe_image_annotations_reader.cc(135)] could not read annotations list object in C:\Program Files (x86)\Google\Chrome\Application\87.0.4280.88\chrome.dll
[1226/142644.772:ERROR:process_memory_win.cc(73)] ReadMemory at 0x7ff6d70a0000 of 64 bytes failed: Only part of a ReadProcessMemory or WriteProcessMemory request was completed. (0x12B)
[1226/142644.772:WARNING:pe_image_reader.cc(340)] could not read dos header from C:\Program Files (x86)\Google\Chrome\Application\chrome.exe
[1226/142644.772:ERROR:process_memory_win.cc(73)] ReadMemory at 0x186d1d421b0 of 72 bytes failed: Only part of a ReadProcessMemory or WriteProcessMemory request was completed. (0x12B)
[1226/142644.772:WARNING:pe_image_annotations_reader.cc(135)] could not read annotations list object in C:\Program Files (x86)\Google\Chrome\Application\87.0.4280.88\chrome_elf.dll
[1226/142644.772:ERROR:process_memory_win.cc(73)] ReadMemory at 0x7ffd74370000 of 64 bytes failed: Only part of a ReadProcessMemory or WriteProcessMemory request was completed. (0x12B)
[1226/142644.772:WARNING:pe_image_reader.cc(340)] could not read dos header from C:\Program Files (x86)\Google\Chrome\Application\87.0.4280.88\chrome.dll
[1226/142644.773:ERROR:process_memory_win.cc(73)] ReadMemory at 0x7ff6d70a0000 of 64 bytes failed: Only part of a ReadProcessMemory or WriteProcessMemory request was completed. (0x12B)
[1226/142644.773:WARNING:pe_image_reader.cc(340)] could not read dos header from C:\Program Files (x86)\Google\Chrome\Application\chrome.exe
[1226/142644.773:ERROR:process_memory_win.cc(73)] ReadMemory at 0x186d1d421b0 of 72 bytes failed: Only part of a ReadProcessMemory or WriteProcessMemory request was completed. (0x12B)
[1226/142644.773:WARNING:pe_image_annotations_reader.cc(135)] could not read annotations list object in C:\Program Files (x86)\Google\Chrome\Application\87.0.4280.88\chrome_elf.dll
[1226/142644.773:ERROR:process_memory_win.cc(73)] ReadMemory at 0x7ffd74370000 of 64 bytes failed: Only part of a ReadProcessMemory or WriteProcessMemory request was completed. (0x12B)
[1226/142644.773:WARNING:pe_image_reader.cc(340)] could not read dos header from C:\Program Files (x86)\Google\Chrome\Application\87.0.4280.88\chrome.dll
[1226/142644.785:ERROR:process_memory_win.cc(73)] ReadMemory at 0xf9a3ed000 of 77824 bytes failed: Only part of a ReadProcessMemory or WriteProcessMemory request was completed. (0x12B)
[1226/142644.785:ERROR:process_memory_win.cc(73)] ReadMemory at 0xf9abfe000 of 8192 bytes failed: Only part of a ReadProcessMemory or WriteProcessMemory request was completed. (0x12B)
[1226/142644.785:ERROR:process_memory_win.cc(73)] ReadMemory at 0xf9b3fd000 of 12288 bytes failed: Only part of a ReadProcessMemory or WriteProcessMemory request was completed. (0x12B)
[1226/142644.785:ERROR:process_memory_win.cc(73)] ReadMemory at 0xf9bbfe000 of 8192 bytes failed: Only part of a ReadProcessMemory or WriteProcessMemory request was completed. (0x12B)
[1226/142644.786:ERROR:process_memory_win.cc(73)] ReadMemory at 0xf9c3fd000 of 12288 bytes failed: Only part of a ReadProcessMemory or WriteProcessMemory request was completed. (0x12B)
[1226/142644.786:ERROR:process_memory_win.cc(73)] ReadMemory at 0xf9cbfe000 of 8192 bytes failed: Only part of a ReadProcessMemory or WriteProcessMemory request was completed. (0x12B)
[1226/142644.786:ERROR:process_memory_win.cc(73)] ReadMemory at 0xf9d3fe000 of 8192 bytes failed: Only part of a ReadProcessMemory or WriteProcessMemory request was completed. (0x12B)
[1226/142644.786:ERROR:process_memory_win.cc(73)] ReadMemory at 0xf9dbfd000 of 12288 bytes failed: Only part of a ReadProcessMemory or WriteProcessMemory request was completed. (0x12B)
[1226/142644.786:ERROR:process_memory_win.cc(73)] ReadMemory at 0xf9e3fd000 of 12288 bytes failed: Only part of a ReadProcessMemory or WriteProcessMemory request was completed. (0x12B)
[1226/142644.786:ERROR:process_memory_win.cc(73)] ReadMemory at 0xf9ebfe000 of 8192 bytes failed: Only part of a ReadProcessMemory or WriteProcessMemory request was completed. (0x12B)
[1226/142644.786:ERROR:process_memory_win.cc(73)] ReadMemory at 0xf9f3fe000 of 8192 bytes failed: Only part of a ReadProcessMemory or WriteProcessMemory request was completed. (0x12B)
[1226/142644.786:ERROR:process_memory_win.cc(73)] ReadMemory at 0xf9fbfe000 of 8192 bytes failed: Only part of a ReadProcessMemory or WriteProcessMemory request was completed. (0x12B)
[1226/142644.786:ERROR:process_memory_win.cc(73)] ReadMemory at 0xfa03fe000 of 8192 bytes failed: Only part of a ReadProcessMemory or WriteProcessMemory request was completed. (0x12B)
[1226/142644.787:ERROR:process_memory_win.cc(73)] ReadMemory at 0xfa0bfe000 of 8192 bytes failed: Only part of a ReadProcessMemory or WriteProcessMemory request was completed. (0x12B)
[1226/142644.787:ERROR:process_memory_win.cc(73)] ReadMemory at 0xfa13fe000 of 8192 bytes failed: Only part of a ReadProcessMemory or WriteProcessMemory request was completed. (0x12B)
[1226/142644.787:ERROR:process_memory_win.cc(73)] ReadMemory at 0xfa1bfe000 of 8192 bytes failed: Only part of a ReadProcessMemory or WriteProcessMemory request was completed. (0x12B)
[1226/142644.787:ERROR:process_memory_win.cc(73)] ReadMemory at 0xf99a14000 of 852 bytes failed: Only part of a ReadProcessMemory or WriteProcessMemory request was completed. (0x12B)
[1226/142644.787:ERROR:process_memory_win.cc(73)] ReadMemory at 0xf99a15000 of 6024 bytes failed: Only part of a ReadProcessMemory or WriteProcessMemory request was completed. (0x12B)
[1226/142644.787:ERROR:process_memory_win.cc(73)] ReadMemory at 0xf99a17000 of 6024 bytes failed: Only part of a ReadProcessMemory or WriteProcessMemory request was completed. (0x12B)
[1226/142644.787:ERROR:process_memory_win.cc(73)] ReadMemory at 0xf99a19000 of 6024 bytes failed: Only part of a ReadProcessMemory or WriteProcessMemory request was completed. (0x12B)
[1226/142644.787:ERROR:process_memory_win.cc(73)] ReadMemory at 0xf99a1b000 of 6024 bytes failed: Only part of a ReadProcessMemory or WriteProcessMemory request was completed. (0x12B)
[1226/142644.787:ERROR:process_memory_win.cc(73)] ReadMemory at 0xf99a1d000 of 6024 bytes failed: Only part of a ReadProcessMemory or WriteProcessMemory request was completed. (0x12B)
[1226/142644.787:ERROR:process_memory_win.cc(73)] ReadMemory at 0xf99a1f000 of 6024 bytes failed: Only part of a ReadProcessMemory or WriteProcessMemory request was completed. (0x12B)
[1226/142644.787:ERROR:process_memory_win.cc(73)] ReadMemory at 0xf99a21000 of 6024 bytes failed: Only part of a ReadProcessMemory or WriteProcessMemory request was completed. (0x12B)
[1226/142644.787:ERROR:process_memory_win.cc(73)] ReadMemory at 0xf99a23000 of 6024 bytes failed: Only part of a ReadProcessMemory or WriteProcessMemory request was completed. (0x12B)
[1226/142644.788:ERROR:process_memory_win.cc(73)] ReadMemory at 0xf99a25000 of 6024 bytes failed: Only part of a ReadProcessMemory or WriteProcessMemory request was completed. (0x12B)
[1226/142644.788:ERROR:process_memory_win.cc(73)] ReadMemory at 0xf99a27000 of 6024 bytes failed: Only part of a ReadProcessMemory or WriteProcessMemory request was completed. (0x12B)
[1226/142644.788:ERROR:process_memory_win.cc(73)] ReadMemory at 0xf99a29000 of 6024 bytes failed: Only part of a ReadProcessMemory or WriteProcessMemory request was completed. (0x12B)
[1226/142644.788:ERROR:process_memory_win.cc(73)] ReadMemory at 0xf99a2b000 of 6024 bytes failed: Only part of a ReadProcessMemory or WriteProcessMemory request was completed. (0x12B)
[1226/142644.788:ERROR:process_memory_win.cc(73)] ReadMemory at 0xf99a2d000 of 6024 bytes failed: Only part of a ReadProcessMemory or WriteProcessMemory request was completed. (0x12B)
[1226/142644.788:ERROR:process_memory_win.cc(73)] ReadMemory at 0xf99a2f000 of 6024 bytes failed: Only part of a ReadProcessMemory or WriteProcessMemory request was completed. (0x12B)
[1226/142644.788:ERROR:process_memory_win.cc(73)] ReadMemory at 0xf99a31000 of 6024 bytes failed: Only part of a ReadProcessMemory or WriteProcessMemory request was completed. (0x12B)
[1226/142644.788:ERROR:process_memory_win.cc(73)] ReadMemory at 0xf99a33000 of 6024 bytes failed: Only part of a ReadProcessMemory or WriteProcessMemory request was completed. (0x12B)
[1226/142644.788:ERROR:process_memory_win.cc(73)] ReadMemory at 0xe393a9e0e8 of 512 bytes failed: Only part of a ReadProcessMemory or WriteProcessMemory request was completed. (0x12B)
[1226/142644.788:ERROR:process_memory_win.cc(73)] ReadMemory at 0x186d1d30fe0 of 15776 bytes failed: Only part of a ReadProcessMemory or WriteProcessMemory request was completed. (0x12B)
[1226/142644.788:ERROR:process_memory_win.cc(73)] ReadMemory at 0x186d1d34d90 of 1012 bytes failed: Only part of a ReadProcessMemory or WriteProcessMemory request was completed. (0x12B)
[1226/142644.789:ERROR:process_memory_win.cc(73)] ReadMemory at 0x186d1d353d8 of 118 bytes failed: Only part of a ReadProcessMemory or WriteProcessMemory request was completed. (0x12B)
[1226/142644.789:ERROR:process_memory_win.cc(73)] ReadMemory at 0x186d1d35450 of 718 bytes failed: Only part of a ReadProcessMemory or WriteProcessMemory request was completed. (0x12B)
[1226/142644.789:ERROR:process_memory_win.cc(73)] ReadMemory at 0x186d1d35720 of 118 bytes failed: Only part of a ReadProcessMemory or WriteProcessMemory request was completed. (0x12B)
[1226/142644.789:ERROR:process_memory_win.cc(73)] ReadMemory at 0x186d1d35798 of 96 bytes failed: Only part of a ReadProcessMemory or WriteProcessMemory request was completed. (0x12B)
[1226/142644.789:ERROR:process_memory_win.cc(73)] ReadMemory at 0x186d1d35810 of 58 bytes failed: Only part of a ReadProcessMemory or WriteProcessMemory request was completed. (0x12B)
[1226/142644.789:ERROR:process_memory_win.cc(73)] ReadMemory at 0x186d1d35910 of 132 bytes failed: Only part of a ReadProcessMemory or WriteProcessMemory request was completed. (0x12B)
[1226/142644.789:ERROR:process_memory_win.cc(73)] ReadMemory at 0x186d1d35aa0 of 132 bytes failed: Only part of a ReadProcessMemory or WriteProcessMemory request was completed. (0x12B)
[1226/142644.789:ERROR:process_memory_win.cc(73)] ReadMemory at 0x186d1d35c60 of 124 bytes failed: Only part of a ReadProcessMemory or WriteProcessMemory request was completed. (0x12B)
[1226/142644.789:ERROR:process_memory_win.cc(73)] ReadMemory at 0x186d1d36160 of 132 bytes failed: Only part of a ReadProcessMemory or WriteProcessMemory request was completed. (0x12B)
[1226/142644.789:ERROR:process_memory_win.cc(73)] ReadMemory at 0x186d1d362f0 of 64 bytes failed: Only part of a ReadProcessMemory or WriteProcessMemory request was completed. (0x12B)
[1226/142644.789:ERROR:process_memory_win.cc(73)] ReadMemory at 0x186d1d364b0 of 132 bytes failed: Only part of a ReadProcessMemory or WriteProcessMemory request was completed. (0x12B)
[1226/142644.789:ERROR:process_memory_win.cc(73)] ReadMemory at 0x186d1d36750 of 132 bytes failed: Only part of a ReadProcessMemory or WriteProcessMemory request was completed. (0x12B)
[1226/142644.789:ERROR:process_memory_win.cc(73)] ReadMemory at 0x186d1d368e0 of 68 bytes failed: Only part of a ReadProcessMemory or WriteProcessMemory request was completed. (0x12B)
[1226/142644.790:ERROR:process_memory_win.cc(73)] ReadMemory at 0x186d1d37990 of 132 bytes failed: Only part of a ReadProcessMemory or WriteProcessMemory request was completed. (0x12B)
[1226/142644.790:ERROR:process_memory_win.cc(73)] ReadMemory at 0x186d1d37b20 of 152 bytes failed: Only part of a ReadProcessMemory or WriteProcessMemory request was completed. (0x12B)
[1226/142644.790:ERROR:process_memory_win.cc(73)] ReadMemory at 0x186d1d38820 of 62 bytes failed: Only part of a ReadProcessMemory or WriteProcessMemory request was completed. (0x12B)
[1226/142644.790:ERROR:process_memory_win.cc(73)] ReadMemory at 0x186d1d38980 of 132 bytes failed: Only part of a ReadProcessMemory or WriteProcessMemory request was completed. (0x12B)
[1226/142644.790:ERROR:process_memory_win.cc(73)] ReadMemory at 0x186d1d38b10 of 60 bytes failed: Only part of a ReadProcessMemory or WriteProcessMemory request was completed. (0x12B)
[1226/142644.790:ERROR:process_memory_win.cc(73)] ReadMemory at 0x186d1d469b0 of 64 bytes failed: Only part of a ReadProcessMemory or WriteProcessMemory request was completed. (0x12B)
[1226/142644.790:ERROR:process_memory_win.cc(73)] ReadMemory at 0x186d1d46a00 of 60 bytes failed: Only part of a ReadProcessMemory or WriteProcessMemory request was completed. (0x12B)
[1226/142644.790:ERROR:process_memory_win.cc(73)] ReadMemory at 0x186d1d46a50 of 60 bytes failed: Only part of a ReadProcessMemory or WriteProcessMemory request was completed. (0x12B)
[1226/142644.790:ERROR:process_memory_win.cc(73)] ReadMemory at 0x186d1d46b40 of 62 bytes failed: Only part of a ReadProcessMemory or WriteProcessMemory request was completed. (0x12B)
[1226/142644.790:ERROR:process_memory_win.cc(73)] ReadMemory at 0x186d1d46cd0 of 64 bytes failed: Only part of a ReadProcessMemory or WriteProcessMemory request was completed. (0x12B)
[1226/142644.790:ERROR:process_memory_win.cc(73)] ReadMemory at 0x186d1d46d70 of 64 bytes failed: Only part of a ReadProcessMemory or WriteProcessMemory request was completed. (0x12B)
[1226/142644.790:ERROR:process_memory_win.cc(73)] ReadMemory at 0x186d1d46dc0 of 64 bytes failed: Only part of a ReadProcessMemory or WriteProcessMemory request was completed. (0x12B)
[1226/142644.790:ERROR:process_memory_win.cc(73)] ReadMemory at 0x186d1d46eb0 of 62 bytes failed: Only part of a ReadProcessMemory or WriteProcessMemory request was completed. (0x12B)
[1226/142644.791:ERROR:process_memory_win.cc(73)] ReadMemory at 0x186d1d46fa0 of 62 bytes failed: Only part of a ReadProcessMemory or WriteProcessMemory request was completed. (0x12B)
[1226/142644.791:ERROR:process_memory_win.cc(73)] ReadMemory at 0x186d1d46ff0 of 64 bytes failed: Only part of a ReadProcessMemory or WriteProcessMemory request was completed. (0x12B)
[1226/142644.791:ERROR:process_memory_win.cc(73)] ReadMemory at 0x186d1d47130 of 62 bytes failed: Only part of a ReadProcessMemory or WriteProcessMemory request was completed. (0x12B)
[1226/142644.791:ERROR:process_memory_win.cc(73)] ReadMemory at 0x186d1d47180 of 60 bytes failed: Only part of a ReadProcessMemory or WriteProcessMemory request was completed. (0x12B)
[1226/142644.791:ERROR:process_memory_win.cc(73)] ReadMemory at 0x186d1d473b0 of 66 bytes failed: Only part of a ReadProcessMemory or WriteProcessMemory request was completed. (0x12B)
[1226/142644.791:ERROR:process_memory_win.cc(73)] ReadMemory at 0x186d1d4b350 of 80 bytes failed: Only part of a ReadProcessMemory or WriteProcessMemory request was completed. (0x12B)
[1226/142644.791:ERROR:process_memory_win.cc(73)] ReadMemory at 0x186d1d4b560 of 132 bytes failed: Only part of a ReadProcessMemory or WriteProcessMemory request was completed. (0x12B)
[1226/142644.791:ERROR:process_memory_win.cc(73)] ReadMemory at 0x186d1d4b700 of 132 bytes failed: Only part of a ReadProcessMemory or WriteProcessMemory request was completed. (0x12B)
[1226/142644.791:ERROR:process_memory_win.cc(73)] ReadMemory at 0x186d1d4c060 of 132 bytes failed: Only part of a ReadProcessMemory or WriteProcessMemory request was completed. (0x12B)
[1226/142644.791:ERROR:process_memory_win.cc(73)] ReadMemory at 0x186d1d4c2c0 of 132 bytes failed: Only part of a ReadProcessMemory or WriteProcessMemory request was completed. (0x12B)
[1226/142644.791:ERROR:process_memory_win.cc(73)] ReadMemory at 0x186d1d4c3f0 of 132 bytes failed: Only part of a ReadProcessMemory or WriteProcessMemory request was completed. (0x12B)
[1226/142644.792:ERROR:process_memory_win.cc(73)] ReadMemory at 0x186d1d4c520 of 132 bytes failed: Only part of a ReadProcessMemory or WriteProcessMemory request was completed. (0x12B)
[1226/142644.792:ERROR:process_memory_win.cc(73)] ReadMemory at 0x186d1d4c650 of 132 bytes failed: Only part of a ReadProcessMemory or WriteProcessMemory request was completed. (0x12B)
[1226/142644.792:ERROR:process_memory_win.cc(73)] ReadMemory at 0x186d1d4c780 of 132 bytes failed: Only part of a ReadProcessMemory or WriteProcessMemory request was completed. (0x12B)
[1226/142644.792:ERROR:process_memory_win.cc(73)] ReadMemory at 0x186d1d4c9e0 of 132 bytes failed: Only part of a ReadProcessMemory or WriteProcessMemory request was completed. (0x12B)
[1226/142644.792:ERROR:process_memory_win.cc(73)] ReadMemory at 0x186d1d4cb10 of 132 bytes failed: Only part of a ReadProcessMemory or WriteProcessMemory request was completed. (0x12B)
[1226/142644.793:ERROR:process_memory_win.cc(73)] ReadMemory at 0x186d1d4cc40 of 132 bytes failed: Only part of a ReadProcessMemory or WriteProcessMemory request was completed. (0x12B)
[1226/142644.793:ERROR:process_memory_win.cc(73)] ReadMemory at 0x186d1d4cd70 of 132 bytes failed: Only part of a ReadProcessMemory or WriteProcessMemory request was completed. (0x12B)
[1226/142644.793:ERROR:process_memory_win.cc(73)] ReadMemory at 0x186d1d4cea0 of 132 bytes failed: Only part of a ReadProcessMemory or WriteProcessMemory request was completed. (0x12B)
[1226/142644.793:ERROR:process_memory_win.cc(73)] ReadMemory at 0x186d1d4cfd0 of 132 bytes failed: Only part of a ReadProcessMemory or WriteProcessMemory request was completed. (0x12B)
[1226/142644.793:ERROR:process_memory_win.cc(73)] ReadMemory at 0x186d1d4d100 of 132 bytes failed: Only part of a ReadProcessMemory or WriteProcessMemory request was completed. (0x12B)
[1226/142644.793:ERROR:process_memory_win.cc(73)] ReadMemory at 0x186d1d52a70 of 132 bytes failed: Only part of a ReadProcessMemory or WriteProcessMemory request was completed. (0x12B)
[1226/142644.793:ERROR:process_memory_win.cc(73)] ReadMemory at 0x186d1d52ba0 of 132 bytes failed: Only part of a ReadProcessMemory or WriteProcessMemory request was completed. (0x12B)
[1226/142644.793:ERROR:process_memory_win.cc(73)] ReadMemory at 0x186d1d54bf0 of 132 bytes failed: Only part of a ReadProcessMemory or WriteProcessMemory request was completed. (0x12B)
[1226/142644.793:ERROR:process_memory_win.cc(73)] ReadMemory at 0x186d1d55350 of 132 bytes failed: Only part of a ReadProcessMemory or WriteProcessMemory request was completed. (0x12B)
[1226/142644.793:ERROR:process_memory_win.cc(73)] ReadMemory at 0x186d1d55530 of 144 bytes failed: Only part of a ReadProcessMemory or WriteProcessMemory request was completed. (0x12B)
[1226/142644.793:ERROR:process_memory_win.cc(73)] ReadMemory at 0x186d1d56900 of 132 bytes failed: Only part of a ReadProcessMemory or WriteProcessMemory request was completed. (0x12B)
[1226/142644.793:ERROR:process_memory_win.cc(73)] ReadMemory at 0x186d1d56a30 of 132 bytes failed: Only part of a ReadProcessMemory or WriteProcessMemory request was completed. (0x12B)
[1226/142644.793:ERROR:process_memory_win.cc(73)] ReadMemory at 0x186d1d577e0 of 54 bytes failed: Only part of a ReadProcessMemory or WriteProcessMemory request was completed. (0x12B)
[1226/142644.793:ERROR:process_memory_win.cc(73)] ReadMemory at 0x186d1d57da0 of 132 bytes failed: Only part of a ReadProcessMemory or WriteProcessMemory request was completed. (0x12B)
[1226/142644.794:ERROR:process_memory_win.cc(73)] ReadMemory at 0x186d1d5a250 of 80 bytes failed: Only part of a ReadProcessMemory or WriteProcessMemory request was completed. (0x12B)
[1226/142644.794:ERROR:process_memory_win.cc(73)] ReadMemory at 0x186d1d5a610 of 76 bytes failed: Only part of a ReadProcessMemory or WriteProcessMemory request was completed. (0x12B)
[1226/142644.794:ERROR:process_memory_win.cc(73)] ReadMemory at 0x186d1d5bad0 of 132 bytes failed: Only part of a ReadProcessMemory or WriteProcessMemory request was completed. (0x12B)
[1226/142644.794:ERROR:process_memory_win.cc(73)] ReadMemory at 0x186d1d5bc00 of 132 bytes failed: Only part of a ReadProcessMemory or WriteProcessMemory request was completed. (0x12B)
[1226/142644.794:ERROR:process_memory_win.cc(73)] ReadMemory at 0x186d1d5be60 of 132 bytes failed: Only part of a ReadProcessMemory or WriteProcessMemory request was completed. (0x12B)
[1226/142644.794:ERROR:process_memory_win.cc(73)] ReadMemory at 0x186d1d5c0c0 of 132 bytes failed: Only part of a ReadProcessMemory or WriteProcessMemory request was completed. (0x12B)
[1226/142644.794:ERROR:process_memory_win.cc(73)] ReadMemory at 0x186d1d5c1f0 of 132 bytes failed: Only part of a ReadProcessMemory or WriteProcessMemory request was completed. (0x12B)
[1226/142644.794:ERROR:process_memory_win.cc(73)] ReadMemory at 0x186d1d5c320 of 132 bytes failed: Only part of a ReadProcessMemory or WriteProcessMemory request was completed. (0x12B)
[1226/142644.794:ERROR:process_memory_win.cc(73)] ReadMemory at 0x186d1d5c450 of 132 bytes failed: Only part of a ReadProcessMemory or WriteProcessMemory request was completed. (0x12B)
[1226/142644.794:ERROR:process_memory_win.cc(73)] ReadMemory at 0x186d1d5c580 of 132 bytes failed: Only part of a ReadProcessMemory or WriteProcessMemory request was completed. (0x12B)
[1226/142644.794:ERROR:process_memory_win.cc(73)] ReadMemory at 0x186d1d5c7e0 of 132 bytes failed: Only part of a ReadProcessMemory or WriteProcessMemory request was completed. (0x12B)
[1226/142644.794:ERROR:process_memory_win.cc(73)] ReadMemory at 0x186d1d5cdd0 of 132 bytes failed: Only part of a ReadProcessMemory or WriteProcessMemory request was completed. (0x12B)
[1226/142644.794:ERROR:process_memory_win.cc(73)] ReadMemory at 0x186d1d5dec0 of 62 bytes failed: Only part of a ReadProcessMemory or WriteProcessMemory request was completed. (0x12B)
[1226/142644.795:ERROR:process_memory_win.cc(73)] ReadMemory at 0x186d1d5df60 of 62 bytes failed: Only part of a ReadProcessMemory or WriteProcessMemory request was completed. (0x12B)
[1226/142644.795:ERROR:process_memory_win.cc(73)] ReadMemory at 0x186d1d5dfb0 of 64 bytes failed: Only part of a ReadProcessMemory or WriteProcessMemory request was completed. (0x12B)
[1226/142644.795:ERROR:process_memory_win.cc(73)] ReadMemory at 0x186d1d5e0f0 of 66 bytes failed: Only part of a ReadProcessMemory or WriteProcessMemory request was completed. (0x12B)
[1226/142644.795:ERROR:process_memory_win.cc(73)] ReadMemory at 0x186d1d5e320 of 60 bytes failed: Only part of a ReadProcessMemory or WriteProcessMemory request was completed. (0x12B)
[1226/142644.795:ERROR:process_memory_win.cc(73)] ReadMemory at 0x186d1d5e4b0 of 64 bytes failed: Only part of a ReadProcessMemory or WriteProcessMemory request was completed. (0x12B)
[1226/142644.795:ERROR:process_memory_win.cc(73)] ReadMemory at 0x186d1d5e550 of 60 bytes failed: Only part of a ReadProcessMemory or WriteProcessMemory request was completed. (0x12B)
[1226/142644.795:ERROR:process_memory_win.cc(73)] ReadMemory at 0x186d1d5e780 of 62 bytes failed: Only part of a ReadProcessMemory or WriteProcessMemory request was completed. (0x12B)
[1226/142644.795:ERROR:process_memory_win.cc(73)] ReadMemory at 0x186d1d5e9b0 of 62 bytes failed: Only part of a ReadProcessMemory or WriteProcessMemory request was completed. (0x12B)
[1226/142644.795:ERROR:process_memory_win.cc(73)] ReadMemory at 0x186d1d5ea50 of 60 bytes failed: Only part of a ReadProcessMemory or WriteProcessMemory request was completed. (0x12B)
[1226/142644.795:ERROR:process_memory_win.cc(73)] ReadMemory at 0x186d1d5eaa0 of 64 bytes failed: Only part of a ReadProcessMemory or WriteProcessMemory request was completed. (0x12B)
[1226/142644.795:ERROR:process_memory_win.cc(73)] ReadMemory at 0x186d1d5ebe0 of 58 bytes failed: Only part of a ReadProcessMemory or WriteProcessMemory request was completed. (0x12B)
[1226/142644.795:ERROR:process_memory_win.cc(73)] ReadMemory at 0x186d1d5ec30 of 62 bytes failed: Only part of a ReadProcessMemory or WriteProcessMemory request was completed. (0x12B)
[1226/142644.796:ERROR:process_memory_win.cc(73)] ReadMemory at 0x186d1d5edc0 of 62 bytes failed: Only part of a ReadProcessMemory or WriteProcessMemory request was completed. (0x12B)
[1226/142644.796:ERROR:process_memory_win.cc(73)] ReadMemory at 0x186d1daa200 of 640 bytes failed: Only part of a ReadProcessMemory or WriteProcessMemory request was completed. (0x12B)
[1226/142644.796:ERROR:process_memory_win.cc(73)] ReadMemory at 0x186d1daa8d0 of 512 bytes failed: Only part of a ReadProcessMemory or WriteProcessMemory request was completed. (0x12B)
[1226/142644.796:ERROR:process_memory_win.cc(73)] ReadMemory at 0x186d1daaf00 of 512 bytes failed: Only part of a ReadProcessMemory or WriteProcessMemory request was completed. (0x12B)
[1226/142644.796:ERROR:process_memory_win.cc(73)] ReadMemory at 0x186d1db6700 of 512 bytes failed: Only part of a ReadProcessMemory or WriteProcessMemory request was completed. (0x12B)
[1226/142644.796:ERROR:process_memory_win.cc(73)] ReadMemory at 0x186d1dcbf00 of 512 bytes failed: Only part of a ReadProcessMemory or WriteProcessMemory request was completed. (0x12B)
[1226/142644.796:ERROR:process_memory_win.cc(73)] ReadMemory at 0x186d1dce5a0 of 712 bytes failed: Only part of a ReadProcessMemory or WriteProcessMemory request was completed. (0x12B)
[1226/142644.796:ERROR:process_memory_win.cc(73)] ReadMemory at 0x186d1de63c0 of 512 bytes failed: Only part of a ReadProcessMemory or WriteProcessMemory request was completed. (0x12B)
[1226/142644.796:ERROR:process_memory_win.cc(73)] ReadMemory at 0x186d1debcb0 of 512 bytes failed: Only part of a ReadProcessMemory or WriteProcessMemory request was completed. (0x12B)
[1226/142644.796:ERROR:process_memory_win.cc(73)] ReadMemory at 0x186d1df4e40 of 512 bytes failed: Only part of a ReadProcessMemory or WriteProcessMemory request was completed. (0x12B)
[1226/142644.796:ERROR:process_memory_win.cc(73)] ReadMemory at 0x186d1e07cd0 of 512 bytes failed: Only part of a ReadProcessMemory or WriteProcessMemory request was completed. (0x12B)
[1226/142644.796:ERROR:process_memory_win.cc(73)] ReadMemory at 0x186d1e0a820 of 640 bytes failed: Only part of a ReadProcessMemory or WriteProcessMemory request was completed. (0x12B)
[1226/142644.797:ERROR:process_memory_win.cc(73)] ReadMemory at 0x186d1e0f522 of 756 bytes failed: Only part of a ReadProcessMemory or WriteProcessMemory request was completed. (0x12B)
[1226/142644.797:ERROR:process_memory_win.cc(73)] ReadMemory at 0x186d1e169d0 of 512 bytes failed: Only part of a ReadProcessMemory or WriteProcessMemory request was completed. (0x12B)
[1226/142644.797:ERROR:process_memory_win.cc(73)] ReadMemory at 0x186d1e70c70 of 512 bytes failed: Only part of a ReadProcessMemory or WriteProcessMemory request was completed. (0x12B)
[1226/142644.797:ERROR:process_memory_win.cc(73)] ReadMemory at 0x186d1e72f80 of 512 bytes failed: Only part of a ReadProcessMemory or WriteProcessMemory request was completed. (0x12B)
[1226/142644.797:ERROR:process_memory_win.cc(73)] ReadMemory at 0x186d3995498 of 944 bytes failed: Only part of a ReadProcessMemory or WriteProcessMemory request was completed. (0x12B)
[1226/142644.797:ERROR:process_memory_win.cc(73)] ReadMemory at 0x186d3995d98 of 512 bytes failed: Only part of a ReadProcessMemory or WriteProcessMemory request was completed. (0x12B)
[1226/142644.797:ERROR:process_memory_win.cc(73)] ReadMemory at 0x186d3996068 of 512 bytes failed: Only part of a ReadProcessMemory or WriteProcessMemory request was completed. (0x12B)
[1226/142644.797:ERROR:process_memory_win.cc(73)] ReadMemory at 0x186d3996e78 of 512 bytes failed: Only part of a ReadProcessMemory or WriteProcessMemory request was completed. (0x12B)
[1226/142644.797:ERROR:process_memory_win.cc(73)] ReadMemory at 0x7ffd7679ed30 of 512 bytes failed: Only part of a ReadProcessMemory or WriteProcessMemory request was completed. (0x12B)
[1226/142644.797:ERROR:process_memory_win.cc(73)] ReadMemory at 0x7ffd76b667fc of 512 bytes failed: Only part of a ReadProcessMemory or WriteProcessMemory request was completed. (0x12B)
[1226/142644.797:ERROR:process_memory_win.cc(73)] ReadMemory at 0x7ffd7729c460 of 512 bytes failed: Only part of a ReadProcessMemory or WriteProcessMemory request was completed. (0x12B)
[1226/142644.798:ERROR:process_memory_win.cc(73)] ReadMemory at 0x7ffd7840fa45 of 512 bytes failed: Only part of a ReadProcessMemory or WriteProcessMemory request was completed. (0x12B)
[1226/142644.798:ERROR:process_memory_win.cc(73)] ReadMemory at 0x7ffd7c6e33b0 of 512 bytes failed: Only part of a ReadProcessMemory or WriteProcessMemory request was completed. (0x12B)
[1226/142644.798:ERROR:process_memory_win.cc(73)] ReadMemory at 0x7ffd7d0d3438 of 512 bytes failed: Only part of a ReadProcessMemory or WriteProcessMemory request was completed. (0x12B)
[1226/142644.798:ERROR:process_memory_win.cc(73)] ReadMemory at 0x7ffd7d3bfef0 of 512 bytes failed: Only part of a ReadProcessMemory or WriteProcessMemory request was completed. (0x12B)
[1226/142644.798:ERROR:process_memory_win.cc(73)] ReadMemory at 0x7ffdedd31fd0 of 512 bytes failed: Only part of a ReadProcessMemory or WriteProcessMemory request was completed. (0x12B)
[1226/142644.798:ERROR:process_memory_win.cc(73)] ReadMemory at 0x7ffdedffc6f4 of 672 bytes failed: Only part of a ReadProcessMemory or WriteProcessMemory request was completed. (0x12B)
[1226/142644.798:ERROR:process_memory_win.cc(73)] ReadMemory at 0x7ffdedffccf4 of 512 bytes failed: Only part of a ReadProcessMemory or WriteProcessMemory request was completed. (0x12B)
[1226/142644.798:ERROR:process_memory_win.cc(73)] ReadMemory at 0x7ffdedffffa4 of 608 bytes failed: Only part of a ReadProcessMemory or WriteProcessMemory request was completed. (0x12B)
[1226/142644.798:ERROR:process_memory_win.cc(73)] ReadMemory at 0x7ffdee08c428 of 18 bytes failed: Only part of a ReadProcessMemory or WriteProcessMemory request was completed. (0x12B)
[1226/142644.798:ERROR:process_memory_win.cc(73)] ReadMemory at 0x7ffdee0bf4f8 of 40 bytes failed: Only part of a ReadProcessMemory or WriteProcessMemory request was completed. (0x12B)
[1226/142644.798:ERROR:process_memory_win.cc(73)] ReadMemory at 0x7ffdee0bf978 of 48 bytes failed: Only part of a ReadProcessMemory or WriteProcessMemory request was completed. (0x12B)
[1226/142644.798:ERROR:process_memory_win.cc(73)] ReadMemory at 0x7ffdee0c53c0 of 64 bytes failed: Only part of a ReadProcessMemory or WriteProcessMemory request was completed. (0x12B)
[1226/142644.801:ERROR:scoped_process_suspend.cc(40)] NtResumeProcess: An attempt was made to access an exiting process. (0xc000010a)
[1228/162128.171:ERROR:directory_reader_win.cc(43)] FindFirstFile: The system cannot find the path specified. (0x3)
